Found in Title: Gerechtshof 's-Hertogenbosch, 20-06-2024, 20-001198-21
Summary: Verdachte wordt veroordeeld ter zake van: 
feit 1: 
als leider deelnemen aan een organisatie die tot oogmerk heeft het plegen van een misdrijf als bedoeld in artikel 10, derde, vierde en vijfde lid, en artikel 10a, eerste lid, van de Opiumwet.
en
deelnemen aan een organisatie die tot oogmerk heeft het plegen van een misdrijf als bedoeld in artikel 10, derde en vierde lid, en artikel 10a eerste lid van de Opiumwet;
feit 2:
medeplegen van witwassen.
en
van het plegen van witwassen een gewoonte maken;
feit 3:
opzettelijk handelen in strijd met het in artikel 3 onder C van de Opiumwet gegeven verbod, terwijl het feit betrekking heeft op een grote hoeveelheid van het middel.

Gevangenisstraf voor de duur van 5 jaren en 6 maanden, met aftrek van de tijd doorgebracht in voorarrest. Beslissing omtrent het beslag en vordering tot tenuitvoerlegging eerder voorwaardelijk opgelegde geldboete van 500 euro.
Link: https://deeplink.rechtspraak.nl/uitspraak?id=ECLI:NL:GHSHE:2024:2035
-------------------------------
Found in Title: Rechtbank Gelderland, 17-07-2023, 05-328228-21 en 05-213894-22 vs
Summary: Verdachte heeft gebruik gemaakt van PGP-telefoons. Hij had accounts bij Sky-ECC en Anom. De rechtbank verwerpt het niet-ontvankelijkheidsverweer. Er is geen sprake van schending van de artikelen 6 en 8 EVRM. Verdachte kan worden gelinkt aan de berichten van de onderzochte accounts. De rechtbank acht bewezen dat verdachte zich heeft schuldig gemaakt aan voorbereidingshandelingen en de productie van amfetamine en BMK ten aanzien van een in België en een in Nederland aangetroffen synthetisch drugslab. Ten aanzien van het drugslab in België heeft verdachte ook deelgenomen aan een criminele organisatie. De rechtbank legt een gevangenisstraf van 8 jaar op.
Link: https://deeplink.rechtspraak.nl/uitspraak?id=ECLI:NL:RBGEL:2023:4072
-------------------------------
Found in Title: Rechtbank Rotterdam, 25-11-2021, 10/960067-20
Summary: De verdachte heeft samen met anderen 515 kilogram cocaïne ingevoerd door op zee pakketten, die vlak daarvoor ter water waren gelaten vanaf een containerschip dat afkomstig was uit Ecuador, uit het water te halen en op een kleinere boot mee te nemen naar de haven van Breskens.
Daarnaast heeft de verdachte zich tweemaal schuldig gemaakt aan het medeplegen van voorbereidingshandelingen verricht m.b.t. de invoer van cocaïne (waaronder een partij van 300 kilogram cocaïne) en de heling van een boot. 
Veroordeling tot een gevangenisstraf voor de duur van 5 jaar met aftrek.
Link: https://deeplink.rechtspraak.nl/uitspraak?id=ECLI:NL:RBROT:2021:11526
-------------------------------
Found in Title: Gerechtshof Amsterdam, 21-05-2019, 23-002167-16
Summary: mega Higgins, handelen in strijd met de Opiumwet
Link: https://deeplink.rechtspraak.nl/uitspraak?id=ECLI:NL:GHAMS:2019:1752
-------------------------------
Found in Title: Rechtbank Amsterdam, 07-12-2018, 13/997022-17
Summary: Tandem III. Ennetcom-data. Geen vormverzuim met betrekking tot het blootleggen van de 67v-lijn in onderzoek Tandem II, omdat dit (vermeende) vormverzuim niet is begaan in het voorbereidend onderzoek naar een van de verdachten in dit onderzoek (Tandem III). Ook geen vormverzuim met betrekking tot het bevel tot stelselmatige observatie. Constatering van een vormverzuim met betrekking tot het voegen van de 67v-lijn, blootgelegd in Tandem II, in het onderzoek Tandem III, omdat daar geen machtiging van de rechter-commissaris aan vooraf was gegaan. Verdachte heeft samen met anderen ongeveer 261 kilogram cocaïne ingevoerd. Daarnaast heeft hij deelgenomen aan een criminele organisatie met als doel het plegen van harddrugs feiten. Ook heeft verdachte, in opdracht van een medeverdachte, samen met anderen een woning beschoten waarin de bewoner op dat moment aanwezig was. Geen aanmerkelijke kans dat de bewoner als gevolg van deze beschieting zou komen te overlijden: vrijspraak doodslag, bewezenverklaring van bedreiging met enig misdrijf tegen het leven gericht. Daarnaast heeft verdachte ruim € 200.000,- witgewassen en een busje traangas voorhanden gehad. De rechtbank legt een gevangenisstraf op van dertien jaar en vijf maanden.
Link: https://deeplink.rechtspraak.nl/uitspraak?id=ECLI:NL:RBAMS:2018:8713
-------------------------------
Found in Title: Rechtbank Amsterdam, 07-12-2018, 13/995002-17
Summary: Tandem III. Ennetcom-data. Geen vormverzuim met betrekking tot het blootleggen van de 67v-lijn in onderzoek Tandem II, omdat dit (vermeende) vormverzuim niet is begaan in het voorbereidend onderzoek naar een van de verdachten in dit onderzoek (Tandem III). Ook geen vormverzuim met betrekking tot het bevel tot stelselmatige observatie. Constatering van een vormverzuim met betrekking tot het voegen van de 67v-lijn, blootgelegd in Tandem II, in het onderzoek Tandem III, omdat daar geen machtiging van de rechter-commissaris aan vooraf was gegaan. Verdachte is medeplichtig geweest aan de invoer van ongeveer 261 kilogram cocaïne. Daarnaast heeft hij deelgenomen aan een criminele organisatie met als doel het plegen van harddrugs feiten. De rechtbank legt een gevangenisstraf op van vijf jaar en zes maanden
Link: https://deeplink.rechtspraak.nl/uitspraak?id=ECLI:NL:RBAMS:2018:8712
-------------------------------
Found in Title: Rechtbank Midden-Nederland, 29-12-2017, 16/706433-15 (P)
Summary: De rechtbank veroordeelt de verdachte tot een gevangenisstraf van 7 maanden, waarvan 4 maanden voorwaardelijk voor het handelen in cocaïne. Omdat de inhoudelijke behandeling pas ruim twee jaar later dan het politieverhoor plaatsvond heeft de rechtbank een lagere straf opgelegd dan in soortgelijke zaken. Volgens de rechtbank heeft de verdachte lange tijd in onzekerheid moeten zitten over de uitkomst van de strafzaak. Ook een geldbedrag en een weegschaal zijn door de rechtbank verbeurd verklaard.
Link: https://deeplink.rechtspraak.nl/uitspraak?id=ECLI:NL:RBMNE:2017:6749
-------------------------------
Found in Title: Parket bij de Hoge Raad, 29-08-2017, 15/05959
Summary: Jeugdzaak. Opiumwetdelicten. Middelen over pleegperiode en verwerping uos. HR: art. 8Oa RO. Samenhang met 16/03180, 16/03832 en 16/03833.
Link: https://deeplink.rechtspraak.nl/uitspraak?id=ECLI:NL:PHR:2017:1033
-------------------------------
Found in Title: Rechtbank Noord-Nederland, 24-04-2013, 18/630563-10
Summary: Criminele organisatie hennepteelt
Link: https://deeplink.rechtspraak.nl/uitspraak?id=ECLI:NL:RBNNE:2013:BZ9556
-------------------------------
